INFO:root:
Started Logging...

INFO:root:
 *** Devices selected = mps ! 

INFO:root:initize model parameter done!

INFO:root:
 --> Model weight initalization succefuly!

INFO:root:
 ** DataFile have 362556 rows of csv data! 

INFO:root:
 ** DataFile have 18127 chunks! 

INFO:root:
Before Train...

INFO:root:LstmNet(
  (lstm): LSTM(300, 512, num_layers=2, dropout=0.5, bidirectional=True)
  (linears): Sequential(
    (0): Linear(in_features=1024, out_features=512, bias=True)
    (1): LeakyReLU(negative_slope=0.01)
    (2): Dropout(p=0.5, inplace=False)
    (3): Linear(in_features=512, out_features=256, bias=True)
    (4): LeakyReLU(negative_slope=0.01)
    (5): Dropout(p=0.5, inplace=False)
    (6): Linear(in_features=256, out_features=128, bias=True)
    (7): LeakyReLU(negative_slope=0.01)
    (8): Dropout(p=0.5, inplace=False)
    (9): Linear(in_features=128, out_features=1, bias=True)
  )
)
INFO:root:
 NOW training...
INFO:root:* Loading pretrained embedding model: {'num_records': 3000000, 'file_size': 1743563840, 'base_dataset': 'Google News (about 100 billion words)', 'reader_code': 'https://github.com/RaRe-Technologies/gensim-data/releases/download/word2vec-google-news-300/__init__.py', 'license': 'not found', 'parameters': {'dimension': 300}, 'description': "Pre-trained vectors trained on a part of the Google News dataset (about 100 billion words). The model contains 300-dimensional vectors for 3 million words and phrases. The phrases were obtained using a simple data-driven approach described in 'Distributed Representations of Words and Phrases and their Compositionality' (https://code.google.com/archive/p/word2vec/).", 'read_more': ['https://code.google.com/archive/p/word2vec/', 'https://arxiv.org/abs/1301.3781', 'https://arxiv.org/abs/1310.4546', 'https://www.microsoft.com/en-us/research/publication/linguistic-regularities-in-continuous-space-word-representations/?from=http%3A%2F%2Fresearch.microsoft.com%2Fpubs%2F189726%2Frvecs.pdf'], 'checksum': 'a5e5354d40acb95f9ec66d5977d140ef', 'file_name': 'word2vec-google-news-300.gz', 'parts': 1}

INFO:gensim.models.keyedvectors:loading projection weights from /Users/taotao/gensim-data/word2vec-google-news-300/word2vec-google-news-300.gz
INFO:gensim.utils:KeyedVectors lifecycle event {'msg': 'loaded (3000000, 300) matrix of type float32 from /Users/taotao/gensim-data/word2vec-google-news-300/word2vec-google-news-300.gz', 'binary': True, 'encoding': 'utf8', 'datetime': '2024-06-24T15:04:16.706426', 'gensim': '4.3.2', 'python': '3.11.9 | packaged by conda-forge | (main, Apr 19 2024, 18:34:54) [Clang 16.0.6 ]', 'platform': 'macOS-14.5-arm64-arm-64bit', 'event': 'load_word2vec_format'}
INFO:root:
Gradient for lstm.weight_ih_l0: tensor([[-2.6694e-06, -2.4642e-06,  1.1817e-06,  ...,  1.3099e-05,
         -3.1712e-06, -1.3734e-06],
        [ 1.1148e-05,  1.4663e-05, -8.3320e-06,  ..., -2.5577e-05,
          2.3002e-05, -6.7315e-06],
        [ 1.4256e-06,  1.0102e-06,  6.5240e-06,  ...,  2.3933e-06,
         -3.7533e-06, -3.5947e-06],
        ...,
        [-9.6336e-06,  1.2284e-05, -3.7805e-05,  ..., -1.6450e-05,
          5.5479e-05,  4.4035e-06],
        [-1.4930e-05,  9.7780e-06, -1.7832e-05,  ...,  4.1403e-06,
          3.7016e-05,  3.3780e-06],
        [ 1.4498e-05, -3.9645e-06,  6.5336e-06,  ..., -1.0807e-05,
         -1.9834e-05, -3.1342e-06]], device='mps:0')
INFO:root:
Gradient for lstm.weight_hh_l0: tensor([[-7.5795e-07, -8.2813e-06,  4.1764e-06,  ...,  3.9155e-06,
         -4.8495e-06, -2.1595e-06],
        [ 8.7129e-06,  5.1753e-05, -2.6673e-05,  ..., -2.3489e-05,
          2.7862e-05,  2.1396e-05],
        [ 1.1360e-07,  1.0612e-07,  5.1652e-07,  ...,  1.8572e-08,
          6.0069e-07, -6.0074e-07],
        ...,
        [ 1.1001e-05,  6.6369e-05, -3.6779e-05,  ..., -3.0068e-05,
          3.1940e-05,  3.2092e-05],
        [ 5.0862e-06,  3.4448e-05, -1.7440e-05,  ..., -1.5623e-05,
          1.7210e-05,  1.6842e-05],
        [-5.6687e-07, -8.8836e-06,  2.4591e-06,  ...,  4.0392e-06,
         -5.1978e-06, -4.2323e-06]], device='mps:0')
INFO:root:
Gradient for lstm.bias_ih_l0: tensor([-1.8616e-04,  1.1882e-03, -1.2046e-05,  ...,  1.5819e-03,
         8.1515e-04, -2.0252e-04], device='mps:0')
INFO:root:
Gradient for lstm.bias_hh_l0: tensor([-1.8616e-04,  1.1882e-03, -1.2046e-05,  ...,  1.5819e-03,
         8.1515e-04, -2.0252e-04], device='mps:0')
INFO:root:
Gradient for lstm.weight_ih_l0_reverse: tensor([[-2.4603e-05,  9.0189e-06, -2.6528e-05,  ...,  1.3033e-05,
          4.7822e-05,  8.9570e-06],
        [ 1.3585e-05, -2.9659e-06,  7.4850e-06,  ..., -1.3517e-05,
         -1.7967e-05, -3.3636e-06],
        [-4.2403e-05,  1.3787e-05, -4.0162e-05,  ...,  2.4740e-05,
          6.9063e-05,  1.9693e-05],
        ...,
        [-2.7151e-05,  1.3336e-05, -4.9134e-05,  ..., -2.1676e-06,
          6.8301e-05,  1.8043e-05],
        [-1.1774e-05,  2.3677e-06, -8.1330e-06,  ...,  9.2527e-06,
          1.3986e-05,  5.5829e-06],
        [-5.4718e-05,  9.2551e-06, -8.6430e-06,  ...,  6.4411e-05,
          4.7312e-05,  1.2414e-05]], device='mps:0')
INFO:root:
Gradient for lstm.weight_hh_l0_reverse: tensor([[ 6.1522e-04,  4.6206e-04,  1.2408e-03,  ..., -1.4149e-04,
         -1.3120e-04,  2.1090e-04],
        [-2.8535e-04, -1.4411e-04, -4.6296e-04,  ...,  7.2725e-05,
          4.6658e-05, -9.8607e-05],
        [ 9.5567e-04,  6.3696e-04,  1.7991e-03,  ..., -2.3347e-04,
         -1.9211e-04,  3.3101e-04],
        ...,
        [ 7.0725e-04,  7.5873e-04,  1.7959e-03,  ..., -1.4964e-04,
         -2.0542e-04,  2.4354e-04],
        [ 2.1130e-04,  1.2243e-04,  3.6992e-04,  ..., -5.6244e-05,
         -4.1063e-05,  7.4500e-05],
        [ 9.3865e-04,  2.8319e-04,  1.2236e-03,  ..., -2.6173e-04,
         -1.1573e-04,  3.2917e-04]], device='mps:0')
INFO:root:
Gradient for lstm.bias_ih_l0_reverse: tensor([ 8.1654e-04, -7.8788e-05,  8.0614e-04,  ...,  1.7133e-03,
         4.9126e-05, -5.4849e-04], device='mps:0')
INFO:root:
Gradient for lstm.bias_hh_l0_reverse: tensor([ 8.1654e-04, -7.8788e-05,  8.0614e-04,  ...,  1.7133e-03,
         4.9126e-05, -5.4849e-04], device='mps:0')
INFO:root:
Gradient for lstm.weight_ih_l1: tensor([[ 1.4782e-05,  3.6481e-05, -2.2478e-05,  ...,  1.1317e-04,
          7.3104e-05, -3.7926e-05],
        [-6.5607e-06, -1.8701e-05,  1.3640e-05,  ..., -3.3521e-05,
         -1.2938e-05,  1.8043e-05],
        [-1.1105e-05, -1.0957e-04,  6.6371e-05,  ..., -1.8614e-04,
          4.3806e-05,  1.8485e-04],
        ...,
        [-1.9772e-05, -2.9773e-04,  1.7878e-04,  ..., -4.3785e-04,
          1.9962e-04,  5.1120e-04],
        [-6.6922e-06, -8.6548e-05,  5.0821e-05,  ..., -1.3333e-04,
          4.5743e-05,  1.4527e-04],
        [-3.1217e-05, -4.4834e-04,  2.6827e-04,  ..., -6.9297e-04,
          2.7973e-04,  7.7830e-04]], device='mps:0')
INFO:root:
Gradient for lstm.weight_hh_l1: tensor([[ 9.5371e-06, -1.2804e-05, -1.9278e-05,  ..., -2.3902e-05,
          1.2940e-05, -5.1757e-05],
        [-1.8514e-06, -1.6433e-06,  4.5330e-06,  ...,  3.3863e-06,
         -4.6894e-06,  2.0847e-05],
        [-5.9750e-05,  2.0546e-05, -8.2721e-05,  ..., -4.2783e-05,
         -8.4081e-06,  5.9843e-05],
        ...,
        [-1.6931e-04,  4.6924e-05, -2.6656e-04,  ..., -1.5141e-04,
         -1.9706e-05,  1.3139e-04],
        [-4.9211e-05,  1.6124e-05, -7.3418e-05,  ..., -3.9280e-05,
         -8.1251e-06,  4.0842e-05],
        [-2.5825e-04,  7.8861e-05, -3.9650e-04,  ..., -2.1993e-04,
         -2.7314e-05,  2.0432e-04]], device='mps:0')
INFO:root:
Gradient for lstm.bias_ih_l1: tensor([ 0.0013, -0.0005, -0.0023,  ..., -0.0056, -0.0017, -0.0086],
       device='mps:0')
INFO:root:
Gradient for lstm.bias_hh_l1: tensor([ 0.0013, -0.0005, -0.0023,  ..., -0.0056, -0.0017, -0.0086],
       device='mps:0')
INFO:root:
Gradient for lstm.weight_ih_l1_reverse: tensor([[ 3.6522e-05,  5.2400e-04, -3.1344e-04,  ...,  7.9961e-04,
         -3.2818e-04, -9.0330e-04],
        [ 1.5988e-06,  2.2939e-05, -1.3721e-05,  ...,  3.5004e-05,
         -1.4367e-05, -3.9543e-05],
        [-3.2371e-06, -4.6444e-05,  2.7781e-05,  ..., -7.0872e-05,
          2.9088e-05,  8.0062e-05],
        ...,
        [-1.3012e-04, -1.8669e-03,  1.1167e-03,  ..., -2.8489e-03,
          1.1693e-03,  3.2183e-03],
        [-1.2773e-05, -1.8326e-04,  1.0962e-04,  ..., -2.7964e-04,
          1.1477e-04,  3.1590e-04],
        [-1.1552e-05, -1.6575e-04,  9.9145e-05,  ..., -2.5292e-04,
          1.0381e-04,  2.8572e-04]], device='mps:0')
INFO:root:
Gradient for lstm.weight_hh_l1_reverse: tensor([[ 1.7695e-03,  3.9333e-03,  2.4405e-03,  ...,  1.7004e-03,
          1.9423e-03, -2.0449e-02],
        [ 7.7465e-05,  1.7219e-04,  1.0684e-04,  ...,  7.4438e-05,
          8.5027e-05, -8.9521e-04],
        [-1.5684e-04, -3.4862e-04, -2.1631e-04,  ..., -1.5071e-04,
         -1.7215e-04,  1.8125e-03],
        ...,
        [-6.3045e-03, -1.4014e-02, -8.6949e-03,  ..., -6.0582e-03,
         -6.9200e-03,  7.2857e-02],
        [-6.1885e-04, -1.3756e-03, -8.5349e-04,  ..., -5.9467e-04,
         -6.7927e-04,  7.1516e-03],
        [-5.5972e-04, -1.2441e-03, -7.7194e-04,  ..., -5.3785e-04,
         -6.1436e-04,  6.4683e-03]], device='mps:0')
INFO:root:
Gradient for lstm.bias_ih_l1_reverse: tensor([ 0.0101,  0.0004, -0.0009,  ..., -0.0359, -0.0035, -0.0032],
       device='mps:0')
INFO:root:
Gradient for lstm.bias_hh_l1_reverse: tensor([ 0.0101,  0.0004, -0.0009,  ..., -0.0359, -0.0035, -0.0032],
       device='mps:0')
INFO:root:
Gradient for linears.0.weight: tensor([[ 9.0080e-05, -9.3226e-05,  1.2787e-03,  ..., -6.2867e-03,
          2.0923e-03,  3.8898e-04],
        [ 2.0635e-06, -2.1356e-06,  2.9293e-05,  ..., -1.4401e-04,
          4.7931e-05,  8.9107e-06],
        [ 5.2238e-05, -5.4062e-05,  7.4154e-04,  ..., -3.6456e-03,
          1.2133e-03,  2.2557e-04],
        ...,
        [-2.8402e-05,  2.9394e-05, -4.0318e-04,  ...,  1.9822e-03,
         -6.5971e-04, -1.2264e-04],
        [ 0.0000e+00,  0.0000e+00,  0.0000e+00,  ...,  0.0000e+00,
          0.0000e+00,  0.0000e+00],
        [-4.4527e-03,  4.6082e-03, -6.3209e-02,  ...,  3.1075e-01,
         -1.0343e-01, -1.9227e-02]], device='mps:0')
INFO:root:
Gradient for linears.0.bias: tensor([ 1.4189e-02,  3.2503e-04,  8.2280e-03, -0.0000e+00,  4.1608e-01,
        -0.0000e+00, -1.1378e+00,  1.6244e+00,  0.0000e+00,  0.0000e+00,
         4.2475e-03, -0.0000e+00,  0.0000e+00,  0.0000e+00, -0.0000e+00,
         0.0000e+00,  1.2286e-02,  1.0429e-01,  1.5854e+00, -0.0000e+00,
        -0.0000e+00,  0.0000e+00, -1.5961e-02, -1.2784e-02,  0.0000e+00,
        -2.9401e-03,  0.0000e+00, -0.0000e+00,  0.0000e+00, -1.2222e-02,
         0.0000e+00, -2.0064e+00,  1.6127e+00, -3.2727e-03, -3.9957e-01,
        -1.5816e-01, -4.0068e-01,  1.1651e-02, -1.5165e-02,  3.9761e-01,
        -1.3523e-02,  0.0000e+00,  6.5460e-01, -1.3857e-02, -1.3628e-01,
        -0.0000e+00,  0.0000e+00, -6.1762e-01,  2.3061e-02, -0.0000e+00,
        -0.0000e+00,  1.7247e-01, -7.6442e-03, -4.3583e-03,  1.5631e-02,
         1.1779e-02, -0.0000e+00, -7.8606e-01,  5.4809e-01,  1.1856e-01,
        -1.2391e+00,  0.0000e+00,  3.8762e-01,  0.0000e+00, -3.0316e-05,
        -0.0000e+00,  8.6955e-01,  4.6976e-03, -1.1377e+00,  7.5872e-03,
         2.5660e-03,  2.9458e-02,  0.0000e+00,  2.4255e-01,  0.0000e+00,
         8.6651e-03,  9.2019e-01,  5.9512e-01,  1.1561e-02,  5.3891e-03,
         0.0000e+00, -3.3896e-02, -0.0000e+00,  0.0000e+00, -0.0000e+00,
        -7.7343e-03, -0.0000e+00,  3.0954e-01, -1.9160e-03, -0.0000e+00,
        -0.0000e+00, -0.0000e+00,  0.0000e+00, -7.9640e-03, -0.0000e+00,
         5.1683e-01,  1.3631e+00, -6.2157e-01, -7.8519e-03,  1.9581e-02,
        -3.5009e-01,  0.0000e+00,  1.2002e-02, -0.0000e+00,  6.5105e-04,
        -0.0000e+00, -6.8990e-03,  6.2272e-03, -0.0000e+00,  0.0000e+00,
        -0.0000e+00,  4.9984e-02,  1.1068e-02,  0.0000e+00,  4.7419e-03,
        -7.8202e-01,  6.5024e-01,  0.0000e+00, -0.0000e+00,  0.0000e+00,
        -0.0000e+00,  0.0000e+00, -0.0000e+00, -0.0000e+00,  0.0000e+00,
        -0.0000e+00, -6.9910e-02, -2.1611e-01,  0.0000e+00, -0.0000e+00,
         0.0000e+00, -0.0000e+00,  0.0000e+00,  6.4556e-03, -0.0000e+00,
         6.8769e-01,  1.2782e-03,  0.0000e+00, -0.0000e+00, -6.8411e-03,
         0.0000e+00, -5.4769e-03, -0.0000e+00, -3.5793e-03,  6.7881e-01,
         1.0010e+00,  1.3755e-02,  0.0000e+00,  1.4800e-01, -0.0000e+00,
        -3.3986e-03, -1.2663e-02,  4.4788e-04, -0.0000e+00,  1.4311e-02,
         1.9997e+00,  0.0000e+00,  0.0000e+00, -1.2337e+00,  3.1190e-03,
         0.0000e+00, -0.0000e+00, -8.1146e-01,  1.4987e+00, -0.0000e+00,
         0.0000e+00, -7.1863e-04, -0.0000e+00, -2.3852e-03,  0.0000e+00,
         0.0000e+00, -7.0858e-01, -0.0000e+00,  8.8104e-03,  2.4200e+00,
        -0.0000e+00,  0.0000e+00, -0.0000e+00,  8.0859e-03, -0.0000e+00,
        -0.0000e+00,  0.0000e+00, -6.1938e-01, -0.0000e+00,  0.0000e+00,
         8.7784e-01,  0.0000e+00,  0.0000e+00, -0.0000e+00,  0.0000e+00,
        -0.0000e+00,  0.0000e+00, -9.2373e-03,  0.0000e+00, -5.4936e-03,
        -5.2469e-01,  0.0000e+00, -9.3720e-01,  1.4076e-02, -0.0000e+00,
         8.8976e-01,  0.0000e+00,  7.3402e-01, -0.0000e+00, -1.0325e-02,
        -4.3832e-01, -5.3326e-03,  2.3558e+00,  0.0000e+00, -0.0000e+00,
        -5.9144e-03,  2.5007e-02,  0.0000e+00,  8.1253e-04, -0.0000e+00,
         0.0000e+00,  0.0000e+00, -0.0000e+00,  0.0000e+00, -7.4273e-03,
         1.5607e-03, -0.0000e+00,  0.0000e+00,  2.4664e-03, -0.0000e+00,
         0.0000e+00,  2.4604e-01,  9.3566e-03, -7.8861e-01, -2.6469e-01,
         0.0000e+00,  7.1831e-03, -0.0000e+00, -0.0000e+00, -0.0000e+00,
         0.0000e+00,  0.0000e+00, -0.0000e+00, -1.0786e+00, -7.7009e-03,
        -3.2260e-01, -0.0000e+00, -4.9120e-03,  5.5028e-03,  1.4003e-02,
        -8.9774e-01,  2.3014e-01, -1.5387e-02,  3.2185e-03,  5.4424e-05,
         0.0000e+00,  1.5375e+00, -1.0667e-02, -1.1618e-02, -1.6480e+00,
         0.0000e+00,  0.0000e+00, -0.0000e+00, -1.0140e+00, -1.1436e-02,
         0.0000e+00,  9.6366e-01,  0.0000e+00, -6.1872e-01,  2.4060e+00,
         0.0000e+00,  0.0000e+00, -2.6364e-03,  0.0000e+00, -2.1686e-03,
        -1.9295e+00, -1.7552e-02, -0.0000e+00, -0.0000e+00, -1.1869e+00,
        -2.5043e-03, -0.0000e+00,  0.0000e+00,  0.0000e+00, -1.0338e-02,
        -0.0000e+00,  0.0000e+00,  0.0000e+00, -0.0000e+00, -0.0000e+00,
        -0.0000e+00, -0.0000e+00,  0.0000e+00, -1.5945e+00, -9.7169e-03,
        -0.0000e+00, -0.0000e+00, -9.7763e-01,  0.0000e+00,  0.0000e+00,
         0.0000e+00,  0.0000e+00,  0.0000e+00, -0.0000e+00,  1.4643e-03,
         1.9611e-01,  0.0000e+00, -0.0000e+00, -1.6279e-04,  6.6077e-01,
         3.9424e-03, -0.0000e+00, -0.0000e+00,  5.5587e-01,  2.9191e-03,
        -1.1205e+00,  1.7830e-02,  0.0000e+00, -0.0000e+00,  0.0000e+00,
         0.0000e+00,  1.4414e+00, -1.1204e+00,  3.8972e-01,  0.0000e+00,
        -0.0000e+00, -0.0000e+00,  3.0143e-03, -6.4914e-03, -7.7879e-01,
         9.0505e-04, -1.1816e+00,  0.0000e+00,  0.0000e+00,  0.0000e+00,
         0.0000e+00,  4.2921e-03, -4.6568e-01,  1.5890e+00, -0.0000e+00,
        -7.3580e-03,  5.2614e-03, -0.0000e+00,  0.0000e+00, -0.0000e+00,
        -0.0000e+00,  5.2636e-01, -0.0000e+00,  0.0000e+00,  0.0000e+00,
         1.5811e-02,  0.0000e+00, -1.5260e+00,  0.0000e+00,  4.0655e-01,
         1.3117e-02,  1.8418e-02, -1.0464e-02,  0.0000e+00, -1.0469e+00,
         0.0000e+00,  1.5068e-03, -1.5616e-03,  9.8350e-03,  6.2400e-01,
         0.0000e+00, -1.8793e-03,  0.0000e+00,  0.0000e+00,  3.2661e-01,
         0.0000e+00, -0.0000e+00,  1.6758e+00, -0.0000e+00, -5.1964e-03,
        -0.0000e+00,  8.8876e-01, -0.0000e+00, -0.0000e+00, -1.0266e+00,
        -6.4148e-01,  8.0509e-03,  0.0000e+00,  2.2462e-02, -5.9966e-01,
         0.0000e+00,  3.9021e-01, -0.0000e+00,  0.0000e+00, -0.0000e+00,
         0.0000e+00, -0.0000e+00,  0.0000e+00, -7.8937e-03, -0.0000e+00,
        -0.0000e+00,  0.0000e+00,  0.0000e+00,  0.0000e+00, -6.6957e-03,
         6.7689e-01, -1.3938e+00, -1.4665e-02,  0.0000e+00,  5.5970e-01,
         8.7714e-03,  0.0000e+00, -0.0000e+00,  1.1498e+00, -0.0000e+00,
        -4.6774e-01, -4.3058e-01, -2.9617e-03, -0.0000e+00, -0.0000e+00,
        -2.2219e-04,  4.5248e-01,  0.0000e+00,  0.0000e+00,  5.5214e-03,
         9.9893e-03, -2.7696e-03,  1.9858e-02, -0.0000e+00,  3.9541e-03,
         1.1214e-02, -0.0000e+00, -1.2119e-03,  0.0000e+00,  0.0000e+00,
         2.9507e-01, -0.0000e+00, -1.6081e-02,  2.3100e-01,  0.0000e+00,
        -6.7571e-03,  1.7334e+00, -1.8246e-02,  0.0000e+00,  9.6354e-02,
         3.6035e-01,  5.2265e-04,  0.0000e+00, -1.1946e-02, -0.0000e+00,
        -0.0000e+00,  0.0000e+00,  2.9680e-03, -2.9334e-03, -3.9339e-03,
        -0.0000e+00,  2.5433e-02,  3.8858e-01, -0.0000e+00,  2.2885e+00,
        -0.0000e+00, -0.0000e+00, -1.0510e+00, -0.0000e+00,  0.0000e+00,
         0.0000e+00,  1.4634e+00,  0.0000e+00, -0.0000e+00, -0.0000e+00,
         0.0000e+00,  0.0000e+00, -0.0000e+00,  0.0000e+00,  0.0000e+00,
         9.0831e-03,  0.0000e+00,  0.0000e+00,  0.0000e+00, -7.7241e-03,
        -3.1643e-01, -0.0000e+00,  0.0000e+00, -0.0000e+00, -1.1029e+00,
        -6.8508e-03,  6.0912e-03, -0.0000e+00, -0.0000e+00, -0.0000e+00,
         2.2191e-02,  9.4591e-01, -7.3821e-03, -0.0000e+00, -9.3560e-01,
         1.5382e-02,  0.0000e+00, -0.0000e+00, -8.3205e-01,  5.3119e-04,
        -1.1247e+00,  0.0000e+00, -0.0000e+00, -0.0000e+00, -3.8836e-03,
         8.1301e-04, -0.0000e+00, -4.9870e-01, -0.0000e+00,  1.6062e+00,
         0.0000e+00, -0.0000e+00, -0.0000e+00,  0.0000e+00,  0.0000e+00,
         0.0000e+00, -8.3293e-03,  0.0000e+00, -0.0000e+00, -4.4737e-03,
        -0.0000e+00, -7.0136e-01], device='mps:0')
INFO:root:
Gradient for linears.3.weight: tensor([[ 0.0000e+00,  0.0000e+00,  0.0000e+00,  ...,  0.0000e+00,
          0.0000e+00,  0.0000e+00],
        [-1.8606e-03, -4.6740e-03, -6.0147e-04,  ..., -2.3419e-03,
          0.0000e+00,  4.9289e-01],
        [ 0.0000e+00,  0.0000e+00,  0.0000e+00,  ...,  0.0000e+00,
          0.0000e+00,  0.0000e+00],
        ...,
        [ 0.0000e+00,  0.0000e+00,  0.0000e+00,  ...,  0.0000e+00,
          0.0000e+00,  0.0000e+00],
        [-1.0014e-05, -2.5157e-05, -3.2373e-06,  ..., -1.2604e-05,
          0.0000e+00,  2.6529e-03],
        [-6.3975e-06, -1.6072e-05, -2.0682e-06,  ..., -8.0524e-06,
          0.0000e+00,  1.6948e-03]], device='mps:0')
INFO:root:
Gradient for linears.3.bias: tensor([-0.0000e+00,  1.7322e+00,  0.0000e+00,  2.6583e-03,  0.0000e+00,
         0.0000e+00, -0.0000e+00, -0.0000e+00, -1.2653e+00, -0.0000e+00,
         1.4565e-02,  1.7897e+00, -0.0000e+00,  0.0000e+00,  0.0000e+00,
        -0.0000e+00,  4.4542e+00, -5.1933e+00, -9.3270e-03,  2.0538e-02,
         0.0000e+00, -3.2479e-02, -0.0000e+00, -1.7159e-01, -1.2620e-02,
        -4.8981e-02, -0.0000e+00,  0.0000e+00, -0.0000e+00, -0.0000e+00,
        -4.5117e+00,  2.4535e-02, -7.6688e-01, -0.0000e+00,  8.3103e-03,
         3.2190e+00,  0.0000e+00, -0.0000e+00, -5.1336e-01, -0.0000e+00,
        -2.0926e+00, -0.0000e+00, -7.3314e-03, -2.3734e+00, -1.5588e-01,
        -1.6102e-02,  4.6935e+00,  0.0000e+00, -0.0000e+00, -0.0000e+00,
        -1.3095e+00,  2.3030e-02, -0.0000e+00,  1.1741e-01,  1.4503e-02,
         2.9944e-02,  5.7491e-03,  0.0000e+00, -0.0000e+00, -4.0908e-02,
        -0.0000e+00,  1.2524e-02,  0.0000e+00, -1.8190e+00, -2.7004e+00,
        -0.0000e+00, -4.9805e-03,  0.0000e+00, -0.0000e+00, -0.0000e+00,
         0.0000e+00, -7.1553e-01, -0.0000e+00, -0.0000e+00,  0.0000e+00,
        -0.0000e+00, -0.0000e+00,  2.7696e-02, -0.0000e+00,  4.4821e-02,
        -0.0000e+00,  0.0000e+00,  0.0000e+00,  0.0000e+00, -0.0000e+00,
         0.0000e+00, -9.6581e-03, -4.9316e-01,  2.4999e+00, -7.3666e-03,
        -2.8451e-02, -9.0847e-01, -0.0000e+00, -1.3575e+00,  9.5817e-01,
         1.9214e-02,  2.3278e+00,  0.0000e+00,  0.0000e+00,  0.0000e+00,
        -0.0000e+00, -0.0000e+00,  0.0000e+00,  9.3620e-03,  0.0000e+00,
         0.0000e+00, -1.0560e+00, -0.0000e+00,  0.0000e+00, -3.0774e-02,
        -0.0000e+00, -0.0000e+00,  0.0000e+00,  9.8732e-01, -7.1582e-01,
         0.0000e+00,  2.7803e-02,  0.0000e+00, -0.0000e+00, -2.4359e-01,
         0.0000e+00,  3.1956e-02,  0.0000e+00,  5.2733e-02, -0.0000e+00,
        -0.0000e+00, -0.0000e+00, -1.9941e-02,  1.8617e+00, -6.7890e+00,
         0.0000e+00, -2.0746e-02, -1.1683e-01, -0.0000e+00,  5.4191e-02,
         0.0000e+00,  3.0050e+00, -0.0000e+00, -5.0708e-02,  0.0000e+00,
        -0.0000e+00,  0.0000e+00,  0.0000e+00,  2.3996e+00, -7.3725e-01,
         0.0000e+00,  0.0000e+00,  0.0000e+00,  0.0000e+00,  0.0000e+00,
        -0.0000e+00,  4.5394e-02,  0.0000e+00, -0.0000e+00, -1.4969e-02,
         1.0355e+00,  5.4733e-03, -1.7730e-02,  0.0000e+00,  0.0000e+00,
         8.8749e-01, -2.0413e+00,  0.0000e+00,  2.0043e-02,  1.7117e+00,
        -1.0544e-02, -2.1230e-02,  0.0000e+00, -0.0000e+00,  0.0000e+00,
         0.0000e+00, -0.0000e+00,  0.0000e+00,  4.7894e-01,  1.5437e+00,
         3.5285e+00, -0.0000e+00,  2.8561e+00, -0.0000e+00,  0.0000e+00,
        -0.0000e+00,  0.0000e+00,  2.6530e-02, -9.3562e-01,  5.3336e-02,
        -0.0000e+00, -0.0000e+00,  0.0000e+00, -0.0000e+00,  5.2412e-01,
        -0.0000e+00, -0.0000e+00, -0.0000e+00,  0.0000e+00,  1.6913e-02,
         0.0000e+00, -0.0000e+00, -0.0000e+00,  1.8393e+00, -0.0000e+00,
         0.0000e+00, -0.0000e+00, -0.0000e+00, -0.0000e+00, -0.0000e+00,
         2.8032e-03,  0.0000e+00, -1.5473e+00,  0.0000e+00, -2.0463e-03,
         2.9921e+00,  2.5178e-02,  8.0108e-03, -2.9515e-02, -1.5220e-02,
         0.0000e+00, -2.9779e+00,  0.0000e+00,  2.2730e+00,  5.4176e+00,
        -0.0000e+00,  1.1176e+00, -1.4238e-02,  0.0000e+00,  3.6776e-02,
         0.0000e+00,  1.7019e+00,  0.0000e+00,  0.0000e+00,  0.0000e+00,
        -0.0000e+00,  1.3270e+00, -0.0000e+00,  0.0000e+00,  2.6222e-02,
         0.0000e+00, -0.0000e+00, -5.4989e+00,  6.6676e-01,  0.0000e+00,
        -3.4734e-02, -0.0000e+00,  0.0000e+00, -0.0000e+00,  9.6561e-04,
        -0.0000e+00,  3.5376e+00,  0.0000e+00,  0.0000e+00,  0.0000e+00,
         0.0000e+00, -0.0000e+00, -1.6808e+00,  0.0000e+00,  9.3231e-03,
         5.9561e-03], device='mps:0')
INFO:root:
Gradient for linears.6.weight: tensor([[ 0.0000e+00,  0.0000e+00,  0.0000e+00,  ...,  0.0000e+00,
          0.0000e+00,  0.0000e+00],
        [ 0.0000e+00,  0.0000e+00,  0.0000e+00,  ...,  0.0000e+00,
          0.0000e+00,  0.0000e+00],
        [ 0.0000e+00,  0.0000e+00,  0.0000e+00,  ...,  0.0000e+00,
          0.0000e+00,  0.0000e+00],
        ...,
        [ 0.0000e+00,  3.4854e-06,  0.0000e+00,  ...,  0.0000e+00,
         -1.6106e-06, -2.5984e-06],
        [ 0.0000e+00,  0.0000e+00,  0.0000e+00,  ...,  0.0000e+00,
          0.0000e+00,  0.0000e+00],
        [ 0.0000e+00, -7.8114e-05,  0.0000e+00,  ...,  0.0000e+00,
          3.6097e-05,  5.8236e-05]], device='mps:0')
INFO:root:
Gradient for linears.6.bias: tensor([-0.0000e+00, -0.0000e+00, -0.0000e+00, -0.0000e+00,  7.2474e-01,
         6.7234e+00,  0.0000e+00, -0.0000e+00, -4.5755e-02,  3.8319e-02,
         1.0282e-01, -1.2960e+00,  0.0000e+00, -0.0000e+00, -0.0000e+00,
         0.0000e+00, -2.6124e-02, -0.0000e+00, -1.0435e-01, -9.9745e-02,
         1.0706e-01, -0.0000e+00,  4.7207e+00, -8.1531e+00,  0.0000e+00,
        -0.0000e+00,  0.0000e+00, -0.0000e+00, -0.0000e+00, -0.0000e+00,
        -0.0000e+00,  0.0000e+00,  4.5677e-02,  4.4161e+00, -0.0000e+00,
        -0.0000e+00, -7.2723e+00, -6.0428e-02, -0.0000e+00, -0.0000e+00,
         2.3721e+00, -9.3491e+00,  0.0000e+00,  0.0000e+00,  0.0000e+00,
        -4.4711e+00,  2.6067e+00, -8.7574e-02, -8.2218e+00, -1.1431e+00,
        -2.8053e+00,  3.9325e-03,  0.0000e+00,  2.0005e+00,  0.0000e+00,
         2.0234e-02,  6.9783e-02, -7.9306e-02,  3.3923e-02, -0.0000e+00,
         0.0000e+00,  0.0000e+00,  0.0000e+00, -0.0000e+00, -0.0000e+00,
        -3.2907e-02, -6.4070e-02,  0.0000e+00,  0.0000e+00,  1.0223e+01,
         5.2833e+00,  3.2990e-03,  1.0811e+01, -0.0000e+00,  4.8243e-02,
        -0.0000e+00,  0.0000e+00,  8.8101e+00, -7.7088e-02, -0.0000e+00,
         1.1313e+00, -0.0000e+00,  6.5846e-02,  0.0000e+00, -0.0000e+00,
         1.0253e-01,  0.0000e+00,  7.0621e+00, -0.0000e+00, -0.0000e+00,
         4.0125e-02,  7.7506e+00, -0.0000e+00, -0.0000e+00,  3.0475e+00,
         6.5813e+00,  1.8491e-02,  0.0000e+00,  0.0000e+00, -0.0000e+00,
         0.0000e+00,  7.3785e-02, -4.8854e-01,  1.0282e+01,  0.0000e+00,
         2.4389e-02,  1.0308e-01,  2.3245e-01, -5.1714e+00, -0.0000e+00,
        -0.0000e+00, -0.0000e+00,  6.5901e+00, -0.0000e+00, -2.4779e+00,
        -0.0000e+00, -0.0000e+00,  6.4279e+00,  7.2961e+00, -5.6071e-02,
         0.0000e+00, -6.7653e-02,  4.6077e-02,  0.0000e+00, -9.3783e+00,
         1.4072e-03,  0.0000e+00, -3.1538e-02], device='mps:0')
INFO:root:
Gradient for linears.9.weight: tensor([[ 0.0000e+00,  0.0000e+00,  0.0000e+00,  0.0000e+00, -1.2044e-01,
         -1.7051e+00,  0.0000e+00,  0.0000e+00,  1.1818e-01,  1.0408e-01,
          3.9563e-02, -2.5768e+00,  0.0000e+00,  0.0000e+00,  0.0000e+00,
          0.0000e+00,  2.9821e-02,  0.0000e+00,  1.4483e-01,  1.4996e-01,
          3.2031e-03,  0.0000e+00, -5.1127e+00, -7.4128e+00,  0.0000e+00,
          0.0000e+00,  0.0000e+00,  0.0000e+00,  0.0000e+00,  0.0000e+00,
          0.0000e+00,  0.0000e+00,  2.1932e-02, -1.1206e+01,  0.0000e+00,
          0.0000e+00, -6.9723e+00,  5.7318e-02,  0.0000e+00,  0.0000e+00,
         -8.4307e+00, -1.9324e+00,  0.0000e+00,  0.0000e+00,  0.0000e+00,
         -5.6257e+00, -9.6566e+00,  3.2658e-02, -8.3223e+00, -1.7545e+00,
         -8.2590e-01,  6.1638e-02,  0.0000e+00, -2.5596e+00,  0.0000e+00,
          4.0767e-02,  6.7823e-02,  1.1502e-01,  4.0187e-02,  0.0000e+00,
          0.0000e+00,  0.0000e+00,  0.0000e+00,  0.0000e+00,  0.0000e+00,
          7.1031e-02,  1.3762e-02,  0.0000e+00,  0.0000e+00, -1.7346e+00,
         -3.7316e+00,  1.4161e-02, -3.2884e-02,  0.0000e+00,  1.1636e-01,
          0.0000e+00,  0.0000e+00, -5.3440e+00,  4.4035e-02,  0.0000e+00,
         -4.5366e+00,  0.0000e+00,  7.4033e-03,  0.0000e+00,  0.0000e+00,
          3.4426e-02,  0.0000e+00, -2.3981e+00,  0.0000e+00,  0.0000e+00,
          5.5074e-02, -7.6079e+00,  0.0000e+00,  0.0000e+00, -5.1567e-01,
         -6.8437e+00,  6.5251e-03,  0.0000e+00,  0.0000e+00,  0.0000e+00,
          0.0000e+00,  6.7680e-02, -6.5268e+00, -6.4305e+00,  0.0000e+00,
          5.3935e-02,  1.0773e-02, -7.7084e+00, -1.3181e+00,  0.0000e+00,
          0.0000e+00,  0.0000e+00, -6.0147e+00,  0.0000e+00, -1.1323e+00,
          0.0000e+00,  0.0000e+00, -3.6368e+00, -3.4793e+00,  9.2094e-02,
          0.0000e+00,  7.7032e-02,  2.1045e-02,  0.0000e+00, -1.3986e+00,
          4.7493e-02,  0.0000e+00,  3.7402e-02]], device='mps:0')
INFO:root:
Gradient for linears.9.bias: tensor([-61.1750], device='mps:0')
