INFO:root:
Started Logging...

INFO:root:
 *** Devices selected = cuda ! 

INFO:root:
 ** DataFile have 362556 rows of csv data! 

INFO:root:
 ** DataFile have 18127 chunks! 

INFO:root:
 --------epoch:0 : param random choice--------

INFO:root:param : hidden_size --- value: 32
INFO:root:param : hidden_size_linear --- value: 64
INFO:root:param : num_layers --- value: 4
INFO:root:param : dropout_linear --- value: 0.5
INFO:root:param : dropout --- value: 0.2
INFO:root:param : activation_linear --- value: relu
INFO:root:param : learn_rate --- value: 1e-05
INFO:root:param : optimize_method --- value: SGD
INFO:root:param : loss --- value: MSELoss
INFO:root:initize model parameter done!

INFO:root:
 --> Model weight initalization succefuly!

INFO:root:
**** inital done, now start training ....

