INFO:root:
Started Logging...

INFO:root:
 *** Devices selected = cuda ! 

INFO:root:
 ** DataFile have 362556 rows of csv data! 

INFO:root:
 ** DataFile have 18127 chunks! 

INFO:root:
 --------epoch:0 : param random choice--------

INFO:root:param : hidden_size --- value: 256
INFO:root:param : hidden_size_linear --- value: 128
INFO:root:param : num_layers --- value: 2
INFO:root:param : dropout_linear --- value: 0.4
INFO:root:param : dropout --- value: 0.5
INFO:root:param : activation_linear --- value: tanh
INFO:root:param : learn_rate --- value: 0.0001
INFO:root:param : batch_size --- value: 64
INFO:root:param : optimize_method --- value: Adagrad
INFO:root:param : loss --- value: MSELoss
INFO:root:initize model parameter done!

INFO:root:
 --> Model weight initalization succefuly!

