INFO:root:
Started Logging...

INFO:root:
 *** Devices selected = cuda ! 

INFO:root:
 ** DataFile have 362556 rows of csv data! 

INFO:root:
 ** DataFile have 18127 chunks! 

INFO:root:
 --------epoch:0 : param random choice--------

INFO:root:param : hidden_size --- value: 64
INFO:root:param : hidden_size_linear --- value: 32
INFO:root:param : num_layers --- value: 5
INFO:root:param : dropout_linear --- value: 0.1
INFO:root:param : dropout --- value: 0.5
INFO:root:param : activation_linear --- value: tanh
INFO:root:param : learn_rate --- value: 1e-05
INFO:root:param : optimize_method --- value: RMSprop
INFO:root:param : loss --- value: BCEWithLogitsLoss
INFO:root:initize model parameter done!

INFO:root:
 --> Model weight initalization succefuly!

INFO:root:
**** inital done, now start training ....

INFO:root:* Loading pretrained embedding model: {'num_records': 999999, 'file_size': 1005007116, 'base_dataset': 'Wikipedia 2017, UMBC webbase corpus and statmt.org news dataset (16B tokens)', 'reader_code': 'https://github.com/RaRe-Technologies/gensim-data/releases/download/fasttext-wiki-news-subwords-300/__init__.py', 'license': 'https://creativecommons.org/licenses/by-sa/3.0/', 'parameters': {'dimension': 300}, 'description': '1 million word vectors trained on Wikipedia 2017, UMBC webbase corpus and statmt.org news dataset (16B tokens).', 'read_more': ['https://fasttext.cc/docs/en/english-vectors.html', 'https://arxiv.org/abs/1712.09405', 'https://arxiv.org/abs/1607.01759'], 'checksum': 'de2bb3a20c46ce65c9c131e1ad9a77af', 'file_name': 'fasttext-wiki-news-subwords-300.gz', 'parts': 1}

INFO:gensim.models.keyedvectors:loading projection weights from /root/gensim-data/fasttext-wiki-news-subwords-300/fasttext-wiki-news-subwords-300.gz
INFO:gensim.utils:KeyedVectors lifecycle event {'msg': 'loaded (999999, 300) matrix of type float32 from /root/gensim-data/fasttext-wiki-news-subwords-300/fasttext-wiki-news-subwords-300.gz', 'binary': False, 'encoding': 'utf8', 'datetime': '2024-06-11T19:34:30.321301', 'gensim': '4.3.2', 'python': '3.11.9 (main, Apr 19 2024, 16:48:06) [GCC 11.2.0]', 'platform': 'Linux-5.4.0-169-generic-x86_64-with-glibc2.35', 'event': 'load_word2vec_format'}
INFO:root:	 --> chunk_id = 0 -> batch_loss = 0.6402451395988464
INFO:root:	 --> chunk_id = 0 -> batch_loss = 0.48632702231407166
INFO:root:	 --> chunk_id = 0 -> batch_loss = 0.6015529632568359
INFO:root:	 --> chunk_id = 0 -> batch_loss = 0.8419045805931091
INFO:root:	 --> chunk_id = 0 -> batch_loss = 0.7207469344139099
INFO:root:	 --> chunk_id = 0 -> batch_loss = 0.48577457666397095
INFO:root:	 --> chunk_id = 0 -> batch_loss = 0.7229592800140381
INFO:root:	 --> chunk_id = 0 -> batch_loss = 0.8415279984474182
INFO:root:	 --> chunk_id = 0 -> batch_loss = 0.8355548977851868
INFO:root:	 --> chunk_id = 0 -> batch_loss = 0.48406651616096497
INFO:root:	 --> chunk_id = 0 -> batch_loss = 0.6440802216529846
INFO:root:	 --> chunk_id = 0 -> batch_loss = 0.9594484567642212
INFO:root:	 --> chunk_id = 0 -> batch_loss = 0.71952885389328
INFO:root:	 --> chunk_id = 0 -> batch_loss = 0.9569957256317139
INFO:root:	 --> chunk_id = 0 -> batch_loss = 0.7251209616661072
INFO:root:	 --> chunk_id = 0 -> batch_loss = 0.6011143922805786
INFO:root:	 --> chunk_id = 0 -> batch_loss = 0.6030163764953613
INFO:root:	 --> chunk_id = 0 -> batch_loss = 0.7222257852554321
INFO:root:	 --> chunk_id = 0 -> batch_loss = 0.7212692499160767
INFO:root:	 --> chunk_id = 0 -> batch_loss = 0.7206769585609436
INFO:root:	 --> chunk_id = 0 -> batch_loss = 0.8392466306686401
INFO:root:	 --> chunk_id = 0 -> batch_loss = 0.7184896469116211
INFO:root:	 --> chunk_id = 0 -> batch_loss = 0.8380541205406189
INFO:root:	 --> chunk_id = 0 -> batch_loss = 0.6035079956054688
INFO:root:	 --> chunk_id = 0 -> batch_loss = 0.6036068201065063
INFO:root:	 --> chunk_id = 0 -> batch_loss = 0.7218294143676758
INFO:root:	 --> chunk_id = 0 -> batch_loss = 0.4880999028682709
INFO:root:	 --> chunk_id = 0 -> batch_loss = 0.6019138097763062
INFO:root:	 --> chunk_id = 0 -> batch_loss = 0.7192367315292358
INFO:root:	 --> chunk_id = 0 -> batch_loss = 0.6027786731719971
INFO:root:	 --> chunk_id = 0 -> batch_loss = 0.8390507698059082
INFO:root:	 --> chunk_id = 0 -> batch_loss = 0.8361943960189819
INFO:root:	 --> chunk_id = 0 -> batch_loss = 0.6023459434509277
INFO:root:	 --> chunk_id = 0 -> batch_loss = 0.8343421220779419
INFO:root:	 --> chunk_id = 0 -> batch_loss = 0.6059476733207703
INFO:root:	 --> chunk_id = 0 -> batch_loss = 0.719682514667511
INFO:root:	 --> chunk_id = 0 -> batch_loss = 0.7219557762145996
INFO:root:	 --> chunk_id = 0 -> batch_loss = 0.7185811996459961
INFO:root:	 --> chunk_id = 0 -> batch_loss = 0.6050412654876709
INFO:root:	 --> chunk_id = 0 -> batch_loss = 0.7210303544998169
INFO:root:	 --> chunk_id = 0 -> batch_loss = 0.7963597178459167
INFO:root:	 --> chunk_id = 0 -> batch_loss = 0.7226553559303284
INFO:root:	 --> chunk_id = 0 -> batch_loss = 0.8391653895378113
INFO:root:	 --> chunk_id = 0 -> batch_loss = 0.7182976007461548
INFO:root:	 --> chunk_id = 0 -> batch_loss = 0.4859078526496887
INFO:root:	 --> chunk_id = 0 -> batch_loss = 0.7196787595748901
INFO:root:	 --> chunk_id = 0 -> batch_loss = 0.8015875816345215
INFO:root:	 --> chunk_id = 0 -> batch_loss = 0.838629424571991
INFO:root:	 --> chunk_id = 0 -> batch_loss = 0.7189193367958069
INFO:root:	 --> chunk_id = 0 -> batch_loss = 0.7240818738937378
INFO:root:	 --> chunk_id = 0 -> batch_loss = 0.8340597152709961
INFO:root:	 --> chunk_id = 0 -> batch_loss = 0.604461669921875
INFO:root:	 --> chunk_id = 0 -> batch_loss = 0.48146432638168335
INFO:root:	 --> chunk_id = 0 -> batch_loss = 0.8383122086524963
INFO:root:	 --> chunk_id = 0 -> batch_loss = 0.8410627841949463
INFO:root:	 --> chunk_id = 0 -> batch_loss = 0.837264895439148
INFO:root:	 --> chunk_id = 0 -> batch_loss = 0.6038394570350647
INFO:root:	 --> chunk_id = 0 -> batch_loss = 0.7213494777679443
INFO:root:	 --> chunk_id = 0 -> batch_loss = 0.7222465872764587
INFO:root:	 --> chunk_id = 0 -> batch_loss = 0.6027288436889648
INFO:root:	 --> chunk_id = 0 -> batch_loss = 0.4840848445892334
INFO:root:	 --> chunk_id = 0 -> batch_loss = 0.6024844646453857
INFO:root:	 --> chunk_id = 0 -> batch_loss = 0.7181148529052734
INFO:root:	 --> chunk_id = 0 -> batch_loss = 0.7208443284034729
INFO:root:	 --> chunk_id = 0 -> batch_loss = 0.6018783450126648
INFO:root:	 --> chunk_id = 0 -> batch_loss = 0.7232835292816162
INFO:root:	 --> chunk_id = 0 -> batch_loss = 0.8439236879348755
INFO:root:	 --> chunk_id = 0 -> batch_loss = 0.6421031951904297
INFO:root:	 --> chunk_id = 0 -> batch_loss = 0.7215637564659119
INFO:root:	 --> chunk_id = 0 -> batch_loss = 0.7192426919937134
INFO:root:	 --> chunk_id = 0 -> batch_loss = 0.8424078226089478
INFO:root:	 --> chunk_id = 0 -> batch_loss = 0.6038336157798767
INFO:root:	 --> chunk_id = 0 -> batch_loss = 0.8369898796081543
INFO:root:	 --> chunk_id = 0 -> batch_loss = 0.6032731533050537
INFO:root:	 --> chunk_id = 0 -> batch_loss = 0.8391908407211304
INFO:root:	 --> chunk_id = 0 -> batch_loss = 0.8384414911270142
INFO:root:	 --> chunk_id = 0 -> batch_loss = 0.8380992412567139
INFO:root:	 --> chunk_id = 0 -> batch_loss = 0.6046722531318665
INFO:root:	 --> chunk_id = 0 -> batch_loss = 0.6049721837043762
INFO:root:	 --> chunk_id = 0 -> batch_loss = 0.6428412199020386
INFO:root:	 --> chunk_id = 0 -> batch_loss = 0.6019929647445679
INFO:root:	 --> chunk_id = 0 -> batch_loss = 0.6398995518684387
INFO:root:	 --> chunk_id = 0 -> batch_loss = 0.6021230220794678
INFO:root:	 --> chunk_id = 0 -> batch_loss = 0.8359709978103638
INFO:root:	 --> chunk_id = 0 -> batch_loss = 0.484893798828125
INFO:root:	 --> chunk_id = 0 -> batch_loss = 0.8374037742614746
INFO:root:	 --> chunk_id = 0 -> batch_loss = 0.7174400091171265
INFO:root:	 --> chunk_id = 0 -> batch_loss = 0.7202308773994446
INFO:root:	 --> chunk_id = 0 -> batch_loss = 0.5990267992019653
INFO:root:	 --> chunk_id = 0 -> batch_loss = 0.4849369525909424
INFO:root:	 --> chunk_id = 0 -> batch_loss = 0.8387752175331116
INFO:root:	 --> chunk_id = 0 -> batch_loss = 0.4837726056575775
INFO:root:	 --> chunk_id = 0 -> batch_loss = 0.8348893523216248
INFO:root:	 --> chunk_id = 0 -> batch_loss = 0.6002861261367798
INFO:root:	 --> chunk_id = 0 -> batch_loss = 0.6033165454864502
INFO:root:	 --> chunk_id = 0 -> batch_loss = 0.7230602502822876
INFO:root:	 --> chunk_id = 0 -> batch_loss = 0.6017774343490601
INFO:root:	 --> chunk_id = 0 -> batch_loss = 0.718948245048523
INFO:root:	 --> chunk_id = 0 -> batch_loss = 0.8400343060493469
INFO:root:	 --> chunk_id = 0 -> batch_loss = 0.6034169793128967
INFO:root:	 --> chunk_id = 0 -> batch_loss = 0.7215176820755005
INFO:root:	 --> chunk_id = 0 -> batch_loss = 0.7217031717300415
INFO:root:	 --> chunk_id = 0 -> batch_loss = 0.717157244682312
INFO:root:	 --> chunk_id = 0 -> batch_loss = 0.4861586093902588
INFO:root:	 --> chunk_id = 0 -> batch_loss = 0.48367857933044434
INFO:root:	 --> chunk_id = 0 -> batch_loss = 0.600134015083313
INFO:root:	 --> chunk_id = 0 -> batch_loss = 0.9577236175537109
INFO:root:	 --> chunk_id = 0 -> batch_loss = 0.7230349183082581
INFO:root:	 --> chunk_id = 0 -> batch_loss = 0.6031847596168518
INFO:root:	 --> chunk_id = 0 -> batch_loss = 0.7210537791252136
INFO:root:	 --> chunk_id = 0 -> batch_loss = 0.8365018367767334
INFO:root:	 --> chunk_id = 0 -> batch_loss = 0.484458327293396
INFO:root:	 --> chunk_id = 0 -> batch_loss = 0.7211174368858337
INFO:root:	 --> chunk_id = 0 -> batch_loss = 0.839638352394104
INFO:root:	 --> chunk_id = 0 -> batch_loss = 0.4827565550804138
INFO:root:	 --> chunk_id = 0 -> batch_loss = 0.7139462232589722
INFO:root:	 --> chunk_id = 0 -> batch_loss = 0.7243202924728394
INFO:root:	 --> chunk_id = 0 -> batch_loss = 0.4831669330596924
INFO:root:	 --> chunk_id = 0 -> batch_loss = 0.4849208891391754
INFO:root:	 --> chunk_id = 0 -> batch_loss = 0.9551745057106018
INFO:root:	 --> chunk_id = 0 -> batch_loss = 0.8374617099761963
INFO:root:	 --> chunk_id = 0 -> batch_loss = 0.7211918830871582
INFO:root:	 --> chunk_id = 0 -> batch_loss = 0.8409548997879028
INFO:root:	 --> chunk_id = 0 -> batch_loss = 0.8427051901817322
INFO:root:	 --> chunk_id = 0 -> batch_loss = 0.7214255332946777
INFO:root:	 --> chunk_id = 0 -> batch_loss = 0.7202304601669312
INFO:root:	 --> chunk_id = 0 -> batch_loss = 0.721783459186554
INFO:root:	 --> chunk_id = 0 -> batch_loss = 0.7193753719329834
INFO:root:	 --> chunk_id = 0 -> batch_loss = 0.7276301383972168
INFO:root:	 --> chunk_id = 0 -> batch_loss = 0.8388397097587585
INFO:root:	 --> chunk_id = 0 -> batch_loss = 0.7195183634757996
INFO:root:	 --> chunk_id = 0 -> batch_loss = 0.7191411256790161
INFO:root:	 --> chunk_id = 0 -> batch_loss = 0.7198449969291687
INFO:root:	 --> chunk_id = 0 -> batch_loss = 0.7217820882797241
INFO:root:	 --> chunk_id = 0 -> batch_loss = 0.8371285200119019
INFO:root:	 --> chunk_id = 0 -> batch_loss = 0.7225865125656128
INFO:root:	 --> chunk_id = 0 -> batch_loss = 0.8386040925979614
INFO:root:	 --> chunk_id = 0 -> batch_loss = 0.7184204459190369
INFO:root:	 --> chunk_id = 0 -> batch_loss = 0.950079619884491
INFO:root:	 --> chunk_id = 0 -> batch_loss = 0.7199190855026245
INFO:root:	 --> chunk_id = 0 -> batch_loss = 0.5994721055030823
INFO:root:	 --> chunk_id = 0 -> batch_loss = 0.7185907363891602
INFO:root:	 --> chunk_id = 0 -> batch_loss = 0.6034178137779236
INFO:root:	 --> chunk_id = 0 -> batch_loss = 0.7162075638771057
INFO:root:	 --> chunk_id = 0 -> batch_loss = 0.9552237391471863
INFO:root:	 --> chunk_id = 0 -> batch_loss = 0.6007580757141113
INFO:root:	 --> chunk_id = 0 -> batch_loss = 0.7205098867416382
INFO:root:	 --> chunk_id = 0 -> batch_loss = 0.8384698629379272
INFO:root:	 --> chunk_id = 0 -> batch_loss = 0.8384454846382141
INFO:root:	 --> chunk_id = 0 -> batch_loss = 0.6049609780311584
INFO:root:	 --> chunk_id = 0 -> batch_loss = 0.601438045501709
INFO:root:	 --> chunk_id = 0 -> batch_loss = 0.6025546789169312
INFO:root:	 --> chunk_id = 0 -> batch_loss = 0.7210961580276489
INFO:root:	 --> chunk_id = 0 -> batch_loss = 0.7201817035675049
INFO:root:	 --> chunk_id = 0 -> batch_loss = 0.6032514572143555
INFO:root:	 --> chunk_id = 0 -> batch_loss = 0.6012206077575684
INFO:root:	 --> chunk_id = 0 -> batch_loss = 0.9549519419670105
INFO:root:	 --> chunk_id = 0 -> batch_loss = 0.6012818813323975
INFO:root:	 --> chunk_id = 0 -> batch_loss = 0.7234435081481934
INFO:root:	 --> chunk_id = 0 -> batch_loss = 0.6422964334487915
INFO:root:	 --> chunk_id = 0 -> batch_loss = 0.8377669453620911
INFO:root:	 --> chunk_id = 0 -> batch_loss = 0.955417275428772
INFO:root:	 --> chunk_id = 0 -> batch_loss = 0.8386139273643494
INFO:root:	 --> chunk_id = 0 -> batch_loss = 0.9533473253250122
INFO:root:	 --> chunk_id = 0 -> batch_loss = 0.7205674648284912
INFO:root:	 --> chunk_id = 0 -> batch_loss = 0.7232363820075989
INFO:root:	 --> chunk_id = 0 -> batch_loss = 0.7198457717895508
INFO:root:	 --> chunk_id = 0 -> batch_loss = 0.6471531987190247
INFO:root:	 --> chunk_id = 0 -> batch_loss = 0.6410686373710632
INFO:root:	 --> chunk_id = 0 -> batch_loss = 0.8001776933670044
INFO:root:	 --> chunk_id = 0 -> batch_loss = 0.48566514253616333
INFO:root:	 --> chunk_id = 0 -> batch_loss = 0.7998983860015869
INFO:root:	 --> chunk_id = 0 -> batch_loss = 0.6026438474655151
INFO:root:	 --> chunk_id = 0 -> batch_loss = 0.8374614715576172
INFO:root:	 --> chunk_id = 0 -> batch_loss = 0.8345348834991455
INFO:root:	 --> chunk_id = 0 -> batch_loss = 0.6427623629570007
INFO:root:	 --> chunk_id = 0 -> batch_loss = 0.7203978300094604
INFO:root:	 --> chunk_id = 0 -> batch_loss = 0.8392707705497742
INFO:root:	 --> chunk_id = 0 -> batch_loss = 0.6053157448768616
INFO:root:	 --> chunk_id = 0 -> batch_loss = 0.6026943922042847
INFO:root:	 --> chunk_id = 0 -> batch_loss = 0.6027103662490845
INFO:root:	 --> chunk_id = 0 -> batch_loss = 0.5998974442481995
INFO:root:	 --> chunk_id = 0 -> batch_loss = 0.4869418740272522
INFO:root:	 --> chunk_id = 0 -> batch_loss = 0.7233768105506897
INFO:root:	 --> chunk_id = 0 -> batch_loss = 0.6038198471069336
INFO:root:	 --> chunk_id = 0 -> batch_loss = 0.7989698648452759
INFO:root:	 --> chunk_id = 0 -> batch_loss = 0.7204550504684448
INFO:root:	 --> chunk_id = 0 -> batch_loss = 0.7214705944061279
INFO:root:	 --> chunk_id = 0 -> batch_loss = 0.7233637571334839
INFO:root:	 --> chunk_id = 0 -> batch_loss = 0.717551052570343
INFO:root:	 --> chunk_id = 0 -> batch_loss = 0.9559481143951416
INFO:root:	 --> chunk_id = 0 -> batch_loss = 0.48315972089767456
INFO:root:	 --> chunk_id = 0 -> batch_loss = 0.6070170998573303
INFO:root:	 --> chunk_id = 0 -> batch_loss = 0.7232168912887573
INFO:root:	 --> chunk_id = 0 -> batch_loss = 0.7230777144432068
INFO:root:	 --> chunk_id = 0 -> batch_loss = 0.8357623815536499
INFO:root:	 --> chunk_id = 0 -> batch_loss = 0.7220869064331055
